Using pre-set license
Built from '2020.3/staging' branch; Version is '2020.3.13f1 (71691879b7f5) revision 7432472'; Using compiler version '192528614'; Build Type 'Release'
OS: 'Windows 10 Home; OS build 19042.1526; Version 2009; 64bit' Language: 'en' Physical Memory: 8092 MB
BatchMode: 1, IsHumanControllingUs: 0, StartBugReporterOnCrash: 0, Is64bit: 1, IsPro: 0

 COMMAND LINE ARGUMENTS:
C:\Program Files\Unity\Hub\Editor\2020.3.13f1\Editor\Unity.exe
-adb2
-batchMode
-noUpm
-name
AssetImportWorker2
-projectPath
C:/Users/furka/Documents/Unity/Cash Runner
-logFile
Logs/AssetImportWorker2.log
-srvPort
59688
Successfully changed project path to: C:/Users/furka/Documents/Unity/Cash Runner
C:/Users/furka/Documents/Unity/Cash Runner
Using Asset Import Pipeline V2.
Refreshing native plugins compatible for Editor in 141.24 ms, found 2 plugins.
Preloading 0 native plugins for Editor in 0.00 ms.
Initialize engine version: 2020.3.13f1 (71691879b7f5)
[Subsystems] Discovering subsystems at path C:/Program Files/Unity/Hub/Editor/2020.3.13f1/Editor/Data/Resources/UnitySubsystems
[Subsystems] Discovering subsystems at path C:/Users/furka/Documents/Unity/Cash Runner/Assets
GfxDevice: creating device client; threaded=0
Direct3D:
    Version:  Direct3D 11.0 [level 11.1]
    Renderer: Radeon (TM) 530 (ID=0x6900)
    Vendor:   
    VRAM:     4086 MB
    Driver:   27.20.20904.4000
Initialize mono
Mono path[0] = 'C:/Program Files/Unity/Hub/Editor/2020.3.13f1/Editor/Data/Managed'
Mono path[1] = 'C:/Program Files/Unity/Hub/Editor/2020.3.13f1/Editor/Data/MonoBleedingEdge/lib/mono/unityjit'
Mono config path = 'C:/Program Files/Unity/Hub/Editor/2020.3.13f1/Editor/Data/MonoBleedingEdge/etc'
Using monoOptions --debugger-agent=transport=dt_socket,embedding=1,server=y,suspend=n,address=127.0.0.1:56476
Begin MonoManager ReloadAssembly
Registering precompiled unity dll's ...
Register platform support module: C:/Program Files/Unity/Hub/Editor/2020.3.13f1/Editor/Data/PlaybackEngines/WebGLSupport/UnityEditor.WebGL.Extensions.dll
Register platform support module: C:/Program Files/Unity/Hub/Editor/2020.3.13f1/Editor/Data/PlaybackEngines/WindowsStandaloneSupport/UnityEditor.WindowsStandalone.Extensions.dll
Registered in 0.007170 seconds.
Native extension for WindowsStandalone target not found
Native extension for WebGL target not found
Refreshing native plugins compatible for Editor in 136.33 ms, found 2 plugins.
Preloading 0 native plugins for Editor in 0.00 ms.
Mono: successfully reloaded assembly
- Completed reload, in  8.000 seconds
Platform modules already initialized, skipping
Registering precompiled user dll's ...
Registered in 0.015873 seconds.
Begin MonoManager ReloadAssembly
Native extension for WindowsStandalone target not found
Native extension for WebGL target not found
Refreshing native plugins compatible for Editor in 0.84 ms, found 2 plugins.
Preloading 0 native plugins for Editor in 0.00 ms.
Mono: successfully reloaded assembly
- Completed reload, in  8.159 seconds
Platform modules already initialized, skipping
========================================================================
Worker process is ready to serve import requests
Launched and connected shader compiler UnityShaderCompiler.exe after 0.23 seconds
Refreshing native plugins compatible for Editor in 0.66 ms, found 2 plugins.
Preloading 0 native plugins for Editor in 0.00 ms.
Unloading 1445 Unused Serialized files (Serialized files now loaded: 0)
System memory in use before: 69.1 MB.
System memory in use after: 69.1 MB.

Unloading 19 unused Assets to reduce memory usage. Loaded Objects now: 1882.
Total: 3.160400 ms (FindLiveObjects: 0.274500 ms CreateObjectMapping: 0.096800 ms MarkObjects: 2.617500 ms  DeleteObjects: 0.169200 ms)

AssetImportParameters requested are different than current active one (requested -> active):
  custom:framework-win-MediaFoundation: 216162199b28c13a410421893ffa2e32 -> 
  custom:video-decoder-ogg-theora: a1e56fd34408186e4bbccfd4996cb3dc -> 
  custom:container-muxer-webm: aa71ff27fc2769a1b78a27578f13a17b -> 
  custom:container-demuxer-webm: 4f35f7cbe854078d1ac9338744f61a02 -> 
  custom:container-demuxer-ogg: 62fdf1f143b41e24485cea50d1cbac27 -> 
  custom:video-encoder-webm-vp8: eb34c28f22e8b96e1ab97ce403110664 -> 
  custom:video-decoder-webm-vp8: 9c59270c3fd7afecdb556c50c9e8de78 -> 
  custom:audio-decoder-ogg-vorbis: bf7c407c2cedff20999df2af8eb42d56 -> 
  custom:audio-encoder-webm-vorbis: bf7c407c2cedff20999df2af8eb42d56 -> 
========================================================================
Received Import Request.
  path: Assets/Assets/Character/Animation/xbot@Stumble Backwards.fbx
  artifactKey: Guid(3925aa461cf691a4992965e1d8d52bb5) Importer(815301076,1909f56bfc062723c751e8b465ee728b)
Start importing Assets/Assets/Character/Animation/xbot@Stumble Backwards.fbx using Guid(3925aa461cf691a4992965e1d8d52bb5) Importer(815301076,1909f56bfc062723c751e8b465ee728b)  -> (artifact id: 'eb82ca494b51687577785c2671e6b2e7') in 0.713367 seconds 
  Import took 0.724091 seconds .

========================================================================
Received Import Request.
  Time since last request: 0.000401 seconds.
  path: Assets/Animator/PlayerAnimatorController.controller
  artifactKey: Guid(b95a2cd516839a1479f1897370d03b7f) Importer(815301076,1909f56bfc062723c751e8b465ee728b)
Start importing Assets/Animator/PlayerAnimatorController.controller using Guid(b95a2cd516839a1479f1897370d03b7f) Importer(815301076,1909f56bfc062723c751e8b465ee728b)  -> (artifact id: '5ffa2e04d688da1f070d40c4c26f1f70') in 0.112469 seconds 
  Import took 0.123203 seconds .

========================================================================
Received Import Request.
  Time since last request: 1445.183669 seconds.
  path: Assets/Assets/Character/Animation/xbot@Getting Bit.fbx
  artifactKey: Guid(baf8239bef7e4aa4c9fb55ccdda3f5c5) Importer(815301076,1909f56bfc062723c751e8b465ee728b)
Start importing Assets/Assets/Character/Animation/xbot@Getting Bit.fbx using Guid(baf8239bef7e4aa4c9fb55ccdda3f5c5) Importer(815301076,1909f56bfc062723c751e8b465ee728b)  -> (artifact id: '4fdab701e9b40125c87b42ab0672b2ca') in 0.581839 seconds 
  Import took 0.678516 seconds .

========================================================================
Received Import Request.
  Time since last request: 269.886607 seconds.
  path: Assets/Assets/Character/Animation/xbot@Sweep Fall.fbx
  artifactKey: Guid(14120145fbdba5242bb1495019937f47) Importer(815301076,1909f56bfc062723c751e8b465ee728b)
Start importing Assets/Assets/Character/Animation/xbot@Sweep Fall.fbx using Guid(14120145fbdba5242bb1495019937f47) Importer(815301076,1909f56bfc062723c751e8b465ee728b)  -> (artifact id: 'b9b892f97dc5ec9908d9d54f35791ead') in 0.151867 seconds 
  Import took 0.163875 seconds .

========================================================================
Received Prepare
Registering precompiled user dll's ...
Registered in 0.014045 seconds.
Begin MonoManager ReloadAssembly
Native extension for WindowsStandalone target not found
Native extension for WebGL target not found
Refreshing native plugins compatible for Editor in 0.48 ms, found 2 plugins.
Preloading 0 native plugins for Editor in 0.00 ms.
Mono: successfully reloaded assembly
- Completed reload, in  1.860 seconds
Platform modules already initialized, skipping
Refreshing native plugins compatible for Editor in 0.38 ms, found 2 plugins.
Preloading 0 native plugins for Editor in 0.00 ms.
Unloading 1427 Unused Serialized files (Serialized files now loaded: 0)
System memory in use before: 84.8 MB.
System memory in use after: 84.8 MB.

Unloading 14 unused Assets to reduce memory usage. Loaded Objects now: 1929.
Total: 5.339000 ms (FindLiveObjects: 0.207000 ms CreateObjectMapping: 0.071800 ms MarkObjects: 4.965300 ms  DeleteObjects: 0.090600 ms)

AssetImportParameters requested are different than current active one (requested -> active):
  custom:framework-win-MediaFoundation: 216162199b28c13a410421893ffa2e32 -> 
  custom:video-decoder-ogg-theora: a1e56fd34408186e4bbccfd4996cb3dc -> 
  custom:container-muxer-webm: aa71ff27fc2769a1b78a27578f13a17b -> 
  custom:container-demuxer-webm: 4f35f7cbe854078d1ac9338744f61a02 -> 
  custom:container-demuxer-ogg: 62fdf1f143b41e24485cea50d1cbac27 -> 
  custom:video-encoder-webm-vp8: eb34c28f22e8b96e1ab97ce403110664 -> 
  custom:video-decoder-webm-vp8: 9c59270c3fd7afecdb556c50c9e8de78 -> 
  custom:audio-decoder-ogg-vorbis: bf7c407c2cedff20999df2af8eb42d56 -> 
  custom:audio-encoder-webm-vorbis: bf7c407c2cedff20999df2af8eb42d56 -> 
========================================================================
Received Prepare
Registering precompiled user dll's ...
Registered in 0.004916 seconds.
Begin MonoManager ReloadAssembly
Native extension for WindowsStandalone target not found
Native extension for WebGL target not found
Refreshing native plugins compatible for Editor in 0.41 ms, found 2 plugins.
Preloading 0 native plugins for Editor in 0.00 ms.
Mono: successfully reloaded assembly
- Completed reload, in  1.531 seconds
Platform modules already initialized, skipping
Refreshing native plugins compatible for Editor in 0.38 ms, found 2 plugins.
Preloading 0 native plugins for Editor in 0.00 ms.
Unloading 1427 Unused Serialized files (Serialized files now loaded: 0)
System memory in use before: 84.8 MB.
System memory in use after: 84.9 MB.

Unloading 14 unused Assets to reduce memory usage. Loaded Objects now: 1932.
Total: 2.788500 ms (FindLiveObjects: 0.202900 ms CreateObjectMapping: 0.060100 ms MarkObjects: 2.435800 ms  DeleteObjects: 0.088100 ms)

AssetImportParameters requested are different than current active one (requested -> active):
  custom:framework-win-MediaFoundation: 216162199b28c13a410421893ffa2e32 -> 
  custom:video-decoder-ogg-theora: a1e56fd34408186e4bbccfd4996cb3dc -> 
  custom:container-muxer-webm: aa71ff27fc2769a1b78a27578f13a17b -> 
  custom:container-demuxer-webm: 4f35f7cbe854078d1ac9338744f61a02 -> 
  custom:container-demuxer-ogg: 62fdf1f143b41e24485cea50d1cbac27 -> 
  custom:video-encoder-webm-vp8: eb34c28f22e8b96e1ab97ce403110664 -> 
  custom:video-decoder-webm-vp8: 9c59270c3fd7afecdb556c50c9e8de78 -> 
  custom:audio-decoder-ogg-vorbis: bf7c407c2cedff20999df2af8eb42d56 -> 
  custom:audio-encoder-webm-vorbis: bf7c407c2cedff20999df2af8eb42d56 -> 
========================================================================
Received Prepare
Registering precompiled user dll's ...
Registered in 0.011367 seconds.
Begin MonoManager ReloadAssembly
Native extension for WindowsStandalone target not found
Native extension for WebGL target not found
Refreshing native plugins compatible for Editor in 0.48 ms, found 2 plugins.
Preloading 0 native plugins for Editor in 0.00 ms.
Mono: successfully reloaded assembly
- Completed reload, in  2.450 seconds
Platform modules already initialized, skipping
Refreshing native plugins compatible for Editor in 0.48 ms, found 2 plugins.
Preloading 0 native plugins for Editor in 0.00 ms.
Unloading 1427 Unused Serialized files (Serialized files now loaded: 0)
System memory in use before: 84.8 MB.
System memory in use after: 84.9 MB.

Unloading 14 unused Assets to reduce memory usage. Loaded Objects now: 1935.
Total: 3.871600 ms (FindLiveObjects: 0.251200 ms CreateObjectMapping: 0.090000 ms MarkObjects: 3.413200 ms  DeleteObjects: 0.114800 ms)

AssetImportParameters requested are different than current active one (requested -> active):
  custom:framework-win-MediaFoundation: 216162199b28c13a410421893ffa2e32 -> 
  custom:video-decoder-ogg-theora: a1e56fd34408186e4bbccfd4996cb3dc -> 
  custom:container-muxer-webm: aa71ff27fc2769a1b78a27578f13a17b -> 
  custom:container-demuxer-webm: 4f35f7cbe854078d1ac9338744f61a02 -> 
  custom:container-demuxer-ogg: 62fdf1f143b41e24485cea50d1cbac27 -> 
  custom:video-encoder-webm-vp8: eb34c28f22e8b96e1ab97ce403110664 -> 
  custom:video-decoder-webm-vp8: 9c59270c3fd7afecdb556c50c9e8de78 -> 
  custom:audio-decoder-ogg-vorbis: bf7c407c2cedff20999df2af8eb42d56 -> 
  custom:audio-encoder-webm-vorbis: bf7c407c2cedff20999df2af8eb42d56 -> 
========================================================================
Received Prepare
Registering precompiled user dll's ...
Registered in 0.004163 seconds.
Begin MonoManager ReloadAssembly
Native extension for WindowsStandalone target not found
Native extension for WebGL target not found
Refreshing native plugins compatible for Editor in 0.39 ms, found 2 plugins.
Preloading 0 native plugins for Editor in 0.00 ms.
Mono: successfully reloaded assembly
- Completed reload, in  1.375 seconds
Platform modules already initialized, skipping
Refreshing native plugins compatible for Editor in 0.36 ms, found 2 plugins.
Preloading 0 native plugins for Editor in 0.00 ms.
Unloading 1427 Unused Serialized files (Serialized files now loaded: 0)
System memory in use before: 84.8 MB.
System memory in use after: 84.9 MB.

Unloading 14 unused Assets to reduce memory usage. Loaded Objects now: 1938.
Total: 3.011700 ms (FindLiveObjects: 0.224200 ms CreateObjectMapping: 0.064900 ms MarkObjects: 2.639000 ms  DeleteObjects: 0.081200 ms)

AssetImportParameters requested are different than current active one (requested -> active):
  custom:framework-win-MediaFoundation: 216162199b28c13a410421893ffa2e32 -> 
  custom:video-decoder-ogg-theora: a1e56fd34408186e4bbccfd4996cb3dc -> 
  custom:container-muxer-webm: aa71ff27fc2769a1b78a27578f13a17b -> 
  custom:container-demuxer-webm: 4f35f7cbe854078d1ac9338744f61a02 -> 
  custom:container-demuxer-ogg: 62fdf1f143b41e24485cea50d1cbac27 -> 
  custom:video-encoder-webm-vp8: eb34c28f22e8b96e1ab97ce403110664 -> 
  custom:video-decoder-webm-vp8: 9c59270c3fd7afecdb556c50c9e8de78 -> 
  custom:audio-decoder-ogg-vorbis: bf7c407c2cedff20999df2af8eb42d56 -> 
  custom:audio-encoder-webm-vorbis: bf7c407c2cedff20999df2af8eb42d56 -> 
========================================================================
Received Prepare
Registering precompiled user dll's ...
Registered in 0.005807 seconds.
Begin MonoManager ReloadAssembly
Native extension for WindowsStandalone target not found
Native extension for WebGL target not found
Refreshing native plugins compatible for Editor in 0.40 ms, found 2 plugins.
Preloading 0 native plugins for Editor in 0.00 ms.
Mono: successfully reloaded assembly
- Completed reload, in  1.466 seconds
Platform modules already initialized, skipping
Refreshing native plugins compatible for Editor in 0.42 ms, found 2 plugins.
Preloading 0 native plugins for Editor in 0.00 ms.
Unloading 1427 Unused Serialized files (Serialized files now loaded: 0)
System memory in use before: 84.8 MB.
System memory in use after: 84.9 MB.

Unloading 14 unused Assets to reduce memory usage. Loaded Objects now: 1941.
Total: 2.941700 ms (FindLiveObjects: 0.221400 ms CreateObjectMapping: 0.049200 ms MarkObjects: 2.584000 ms  DeleteObjects: 0.086000 ms)

AssetImportParameters requested are different than current active one (requested -> active):
  custom:framework-win-MediaFoundation: 216162199b28c13a410421893ffa2e32 -> 
  custom:video-decoder-ogg-theora: a1e56fd34408186e4bbccfd4996cb3dc -> 
  custom:container-muxer-webm: aa71ff27fc2769a1b78a27578f13a17b -> 
  custom:container-demuxer-webm: 4f35f7cbe854078d1ac9338744f61a02 -> 
  custom:container-demuxer-ogg: 62fdf1f143b41e24485cea50d1cbac27 -> 
  custom:video-encoder-webm-vp8: eb34c28f22e8b96e1ab97ce403110664 -> 
  custom:video-decoder-webm-vp8: 9c59270c3fd7afecdb556c50c9e8de78 -> 
  custom:audio-decoder-ogg-vorbis: bf7c407c2cedff20999df2af8eb42d56 -> 
  custom:audio-encoder-webm-vorbis: bf7c407c2cedff20999df2af8eb42d56 -> 
========================================================================
Received Import Request.
  Time since last request: 918.818219 seconds.
  path: Assets/Assets/Character/Animation/Damage.anim
  artifactKey: Guid(62823b9723bf2ea4784c3b67d1a13c40) Importer(815301076,1909f56bfc062723c751e8b465ee728b)
Start importing Assets/Assets/Character/Animation/Damage.anim using Guid(62823b9723bf2ea4784c3b67d1a13c40) Importer(815301076,1909f56bfc062723c751e8b465ee728b)  -> (artifact id: 'e522df0aa5eb00fab59465147c349f91') in 0.039999 seconds 
  Import took 0.044973 seconds .

========================================================================
Received Import Request.
  Time since last request: 2259.987770 seconds.
  path: Assets/Animator/PlayerAnimatorController.controller
  artifactKey: Guid(b95a2cd516839a1479f1897370d03b7f) Importer(815301076,1909f56bfc062723c751e8b465ee728b)
Start importing Assets/Animator/PlayerAnimatorController.controller using Guid(b95a2cd516839a1479f1897370d03b7f) Importer(815301076,1909f56bfc062723c751e8b465ee728b)  -> (artifact id: '61fef64e4f23bd5ddb6ea45daf297920') in 0.025795 seconds 
  Import took 0.033512 seconds .

========================================================================
Received Prepare
Registering precompiled user dll's ...
Registered in 0.018076 seconds.
Begin MonoManager ReloadAssembly
Native extension for WindowsStandalone target not found
Native extension for WebGL target not found
Refreshing native plugins compatible for Editor in 0.41 ms, found 2 plugins.
Preloading 0 native plugins for Editor in 0.00 ms.
Mono: successfully reloaded assembly
- Completed reload, in  1.422 seconds
Platform modules already initialized, skipping
Refreshing native plugins compatible for Editor in 0.38 ms, found 2 plugins.
Preloading 0 native plugins for Editor in 0.00 ms.
Unloading 1427 Unused Serialized files (Serialized files now loaded: 0)
System memory in use before: 84.9 MB.
System memory in use after: 84.9 MB.

Unloading 14 unused Assets to reduce memory usage. Loaded Objects now: 1944.
Total: 4.068300 ms (FindLiveObjects: 0.208600 ms CreateObjectMapping: 0.066700 ms MarkObjects: 3.684300 ms  DeleteObjects: 0.107200 ms)

AssetImportParameters requested are different than current active one (requested -> active):
  custom:framework-win-MediaFoundation: 216162199b28c13a410421893ffa2e32 -> 
  custom:video-decoder-ogg-theora: a1e56fd34408186e4bbccfd4996cb3dc -> 
  custom:container-muxer-webm: aa71ff27fc2769a1b78a27578f13a17b -> 
  custom:container-demuxer-webm: 4f35f7cbe854078d1ac9338744f61a02 -> 
  custom:container-demuxer-ogg: 62fdf1f143b41e24485cea50d1cbac27 -> 
  custom:video-encoder-webm-vp8: eb34c28f22e8b96e1ab97ce403110664 -> 
  custom:video-decoder-webm-vp8: 9c59270c3fd7afecdb556c50c9e8de78 -> 
  custom:audio-decoder-ogg-vorbis: bf7c407c2cedff20999df2af8eb42d56 -> 
  custom:audio-encoder-webm-vorbis: bf7c407c2cedff20999df2af8eb42d56 -> 
========================================================================
Received Import Request.
  Time since last request: 31.121504 seconds.
  path: Assets/Prefabs/Canvas.prefab
  artifactKey: Guid(346e4e3f66a1a7e49b1015ef14925d2c) Importer(815301076,1909f56bfc062723c751e8b465ee728b)
Start importing Assets/Prefabs/Canvas.prefab using Guid(346e4e3f66a1a7e49b1015ef14925d2c) Importer(815301076,1909f56bfc062723c751e8b465ee728b)  -> (artifact id: '27b652387575f8a0bbdccc976beaefac') in 0.246104 seconds 
  Import took 0.251959 seconds .

========================================================================
Received Import Request.
  Time since last request: 0.007605 seconds.
  path: Assets/Prefabs/Canvas.prefab
  artifactKey: Guid(346e4e3f66a1a7e49b1015ef14925d2c) Importer(815301076,1909f56bfc062723c751e8b465ee728b)
Start importing Assets/Prefabs/Canvas.prefab using Guid(346e4e3f66a1a7e49b1015ef14925d2c) Importer(815301076,1909f56bfc062723c751e8b465ee728b)  -> (artifact id: '27b652387575f8a0bbdccc976beaefac') in 0.070902 seconds 
  Import took 0.081491 seconds .

========================================================================
Received Import Request.
  Time since last request: 6.174041 seconds.
  path: Assets/Prefabs/GameManager.prefab
  artifactKey: Guid(454b65eaeec0d234cad984d84b4da328) Importer(815301076,1909f56bfc062723c751e8b465ee728b)
Start importing Assets/Prefabs/GameManager.prefab using Guid(454b65eaeec0d234cad984d84b4da328) Importer(815301076,1909f56bfc062723c751e8b465ee728b)  -> (artifact id: '5906103885ad03578c8cc4739c4b1ea1') in 0.019431 seconds 
  Import took 0.026148 seconds .

========================================================================
Received Import Request.
  Time since last request: 4.668697 seconds.
  path: Assets/Prefabs/GameManager 1.prefab
  artifactKey: Guid(596529dadc5371d4d9be34a7d74da92b) Importer(815301076,1909f56bfc062723c751e8b465ee728b)
Start importing Assets/Prefabs/GameManager 1.prefab using Guid(596529dadc5371d4d9be34a7d74da92b) Importer(815301076,1909f56bfc062723c751e8b465ee728b)  -> (artifact id: '74436a680f8923fc7b97fb62a7fe86fb') in 0.012640 seconds 
  Import took 0.016222 seconds .

========================================================================
Received Import Request.
  Time since last request: 9.705052 seconds.
  path: Assets/Prefabs/PlayerManager.prefab
  artifactKey: Guid(572ee8b62a4836d458611dc3a0b3c441) Importer(815301076,1909f56bfc062723c751e8b465ee728b)
Start importing Assets/Prefabs/PlayerManager.prefab using Guid(572ee8b62a4836d458611dc3a0b3c441) Importer(815301076,1909f56bfc062723c751e8b465ee728b)  -> (artifact id: '7369dc81e7203d4b6d0373679a332a8d') in 0.017708 seconds 
  Import took 0.022847 seconds .

========================================================================
Received Import Request.
  Time since last request: 17.949433 seconds.
  path: Assets/Scenes/GameScene.unity
  artifactKey: Guid(9fc0d4010bbf28b4594072e72b8655ab) Importer(815301076,1909f56bfc062723c751e8b465ee728b)
Start importing Assets/Scenes/GameScene.unity using Guid(9fc0d4010bbf28b4594072e72b8655ab) Importer(815301076,1909f56bfc062723c751e8b465ee728b)  -> (artifact id: '6675ff5795bef4d29a805f566e0c0bb3') in 0.015511 seconds 
  Import took 0.019870 seconds .

AssetImportWorkerClient::OnTransportError - code=2 error=End of file
